==11619== Memcheck, a memory error detector
==11619== Copyright (C) 2002-2017, and GNU GPL'd, by Julian Seward et al.
==11619== Using Valgrind-3.13.0 and LibVEX; rerun with -h for copyright info
==11619== Command: ./cub3d map.cub
==11619== 
==11619==Shadow memory range interleaves with an existing memory mapping. ASan cannot proceed correctly. ABORTING.
==11619==ASan shadow was supposed to be located in the [0x00007fff7000-0x10007fff7fff] range.
==11619==This might be related to ELF_ET_DYN_BASE change in Linux 4.12.
==11619==See https://github.com/google/sanitizers/issues/856 for possible workarounds.
==11619==Process memory map follows:
	0x000000400000-0x000000552000	/home/user42/school/cub3d/cub3d
	0x000000751000-0x000000752000	/home/user42/school/cub3d/cub3d
	0x000000752000-0x000000758000	/home/user42/school/cub3d/cub3d
	0x000000758000-0x0000013be000	
	0x000004000000-0x000004027000	/lib/x86_64-linux-gnu/ld-2.27.so
	0x000004027000-0x00000403c000	
	0x000004041000-0x000004057000	
	0x000004227000-0x000004228000	/lib/x86_64-linux-gnu/ld-2.27.so
	0x000004228000-0x000004229000	/lib/x86_64-linux-gnu/ld-2.27.so
	0x000004229000-0x00000422a000	
	0x00000422a000-0x00000422b000	
	0x000004a2a000-0x000004a2b000	/usr/lib/valgrind/vgpreload_core-amd64-linux.so
	0x000004a2b000-0x000004c2a000	/usr/lib/valgrind/vgpreload_core-amd64-linux.so
	0x000004c2a000-0x000004c2b000	/usr/lib/valgrind/vgpreload_core-amd64-linux.so
	0x000004c2b000-0x000004c2c000	/usr/lib/valgrind/vgpreload_core-amd64-linux.so
	0x000004c2c000-0x000004c3b000	/usr/lib/valgrind/vgpreload_memcheck-amd64-linux.so
	0x000004c3b000-0x000004e3a000	/usr/lib/valgrind/vgpreload_memcheck-amd64-linux.so
	0x000004e3a000-0x000004e3b000	/usr/lib/valgrind/vgpreload_memcheck-amd64-linux.so
	0x000004e3b000-0x000004e3c000	/usr/lib/valgrind/vgpreload_memcheck-amd64-linux.so
	0x000004e3c000-0x000004e4d000	/usr/lib/x86_64-linux-gnu/libXext.so.6.4.0
	0x000004e4d000-0x00000504c000	/usr/lib/x86_64-linux-gnu/libXext.so.6.4.0
	0x00000504c000-0x00000504d000	/usr/lib/x86_64-linux-gnu/libXext.so.6.4.0
	0x00000504d000-0x00000504e000	/usr/lib/x86_64-linux-gnu/libXext.so.6.4.0
	0x00000504e000-0x000005181000	/usr/lib/x86_64-linux-gnu/libX11.so.6.3.0
	0x000005181000-0x000005381000	/usr/lib/x86_64-linux-gnu/libX11.so.6.3.0
	0x000005381000-0x000005382000	/usr/lib/x86_64-linux-gnu/libX11.so.6.3.0
	0x000005382000-0x000005386000	/usr/lib/x86_64-linux-gnu/libX11.so.6.3.0
	0x000005386000-0x000005523000	/lib/x86_64-linux-gnu/libm-2.27.so
	0x000005523000-0x000005722000	/lib/x86_64-linux-gnu/libm-2.27.so
	0x000005722000-0x000005723000	/lib/x86_64-linux-gnu/libm-2.27.so
	0x000005723000-0x000005724000	/lib/x86_64-linux-gnu/libm-2.27.so
	0x000005724000-0x000005740000	/lib/x86_64-linux-gnu/libz.so.1.2.11
	0x000005740000-0x00000593f000	/lib/x86_64-linux-gnu/libz.so.1.2.11
	0x00000593f000-0x000005940000	/lib/x86_64-linux-gnu/libz.so.1.2.11
	0x000005940000-0x000005941000	/lib/x86_64-linux-gnu/libz.so.1.2.11
	0x000005941000-0x00000595b000	/lib/x86_64-linux-gnu/libpthread-2.27.so
	0x00000595b000-0x000005b5a000	/lib/x86_64-linux-gnu/libpthread-2.27.so
	0x000005b5a000-0x000005b5b000	/lib/x86_64-linux-gnu/libpthread-2.27.so
	0x000005b5b000-0x000005b5c000	/lib/x86_64-linux-gnu/libpthread-2.27.so
	0x000005b5c000-0x000005b60000	
	0x000005b60000-0x000005b67000	/lib/x86_64-linux-gnu/librt-2.27.so
	0x000005b67000-0x000005d66000	/lib/x86_64-linux-gnu/librt-2.27.so
	0x000005d66000-0x000005d67000	/lib/x86_64-linux-gnu/librt-2.27.so
	0x000005d67000-0x000005d68000	/lib/x86_64-linux-gnu/librt-2.27.so
	0x000005d68000-0x000005d6b000	/lib/x86_64-linux-gnu/libdl-2.27.so
	0x000005d6b000-0x000005f6a000	/lib/x86_64-linux-gnu/libdl-2.27.so
	0x000005f6a000-0x000005f6b000	/lib/x86_64-linux-gnu/libdl-2.27.so
	0x000005f6b000-0x000005f6c000	/lib/x86_64-linux-gnu/libdl-2.27.so
	0x000005f6c000-0x000005f83000	/lib/x86_64-linux-gnu/libgcc_s.so.1
	0x000005f83000-0x000006182000	/lib/x86_64-linux-gnu/libgcc_s.so.1
	0x000006182000-0x000006183000	/lib/x86_64-linux-gnu/libgcc_s.so.1
	0x000006183000-0x000006184000	/lib/x86_64-linux-gnu/libgcc_s.so.1
	0x000006184000-0x00000636b000	/lib/x86_64-linux-gnu/libc-2.27.so
	0x00000636b000-0x00000656b000	/lib/x86_64-linux-gnu/libc-2.27.so
	0x00000656b000-0x00000656f000	/lib/x86_64-linux-gnu/libc-2.27.so
	0x00000656f000-0x000006571000	/lib/x86_64-linux-gnu/libc-2.27.so
	0x000006571000-0x000006575000	
	0x000006575000-0x00000659b000	/usr/lib/x86_64-linux-gnu/libxcb.so.1.1.0
	0x00000659b000-0x00000679b000	/usr/lib/x86_64-linux-gnu/libxcb.so.1.1.0
	0x00000679b000-0x00000679c000	/usr/lib/x86_64-linux-gnu/libxcb.so.1.1.0
	0x00000679c000-0x00000679d000	/usr/lib/x86_64-linux-gnu/libxcb.so.1.1.0
	0x00000679d000-0x00000679f000	/usr/lib/x86_64-linux-gnu/libXau.so.6.0.0
	0x00000679f000-0x00000699f000	/usr/lib/x86_64-linux-gnu/libXau.so.6.0.0
	0x00000699f000-0x0000069a0000	/usr/lib/x86_64-linux-gnu/libXau.so.6.0.0
	0x0000069a0000-0x0000069a1000	/usr/lib/x86_64-linux-gnu/libXau.so.6.0.0
	0x0000069a1000-0x0000069a6000	/usr/lib/x86_64-linux-gnu/libXdmcp.so.6.0.0
	0x0000069a6000-0x000006ba5000	/usr/lib/x86_64-linux-gnu/libXdmcp.so.6.0.0
	0x000006ba5000-0x000006ba6000	/usr/lib/x86_64-linux-gnu/libXdmcp.so.6.0.0
	0x000006ba6000-0x000006ba7000	/usr/lib/x86_64-linux-gnu/libXdmcp.so.6.0.0
	0x000006ba7000-0x000006bba000	/lib/x86_64-linux-gnu/libbsd.so.0.8.7
	0x000006bba000-0x000006db9000	/lib/x86_64-linux-gnu/libbsd.so.0.8.7
	0x000006db9000-0x000006dba000	/lib/x86_64-linux-gnu/libbsd.so.0.8.7
	0x000006dba000-0x000006dbb000	/lib/x86_64-linux-gnu/libbsd.so.0.8.7
	0x000006dbb000-0x00000710e000	
	0x00000710e000-0x00000750e000	
	0x000058000000-0x00005823b000	/usr/lib/valgrind/memcheck-amd64-linux
	0x00005843b000-0x000058441000	/usr/lib/valgrind/memcheck-amd64-linux
	0x000058441000-0x000059e43000	
	0x001002001000-0x001002c22000	
	0x001002c8c000-0x001002cac000	
	0x001002cac000-0x001002cae000	
	0x001002cae000-0x001002dae000	
	0x001002dae000-0x001002db0000	
	0x001002db0000-0x001002db1000	/tmp/vgdb-pipe-shared-mem-vgdb-11619-by-user42-on-???
	0x001002db1000-0x001004dfd000	
	0x0010050fd000-0x0010053fd000	
	0x0010055fd000-0x001005afd000	
	0x001005cf2000-0x001005f34000	
	0x001ffeffe000-0x001fff001000	
	0x7ffd919e1000-0x7ffd91a02000	[stack]
	0x7ffd91bf0000-0x7ffd91bf3000	[vvar]
	0xffffffffff600000-0xffffffffff601000	[vsyscall]
==11619==End of process memory map.
==11619== 
==11619== HEAP SUMMARY:
==11619==     in use at exit: 32 bytes in 1 blocks
==11619==   total heap usage: 10 allocs, 9 frees, 418 bytes allocated
==11619== 
==11619== 32 bytes in 1 blocks are still reachable in loss record 1 of 1
==11619==    at 0x4C31B25: calloc (in /usr/lib/valgrind/vgpreload_memcheck-amd64-linux.so)
==11619==    by 0x5D697F4: _dlerror_run (dlerror.c:140)
==11619==    by 0x5D69165: dlsym (dlsym.c:70)
==11619==    by 0x4E9FA4: __interception::GetRealFunctionAddress(char const*, unsigned long*, unsigned long, unsigned long) (in /home/user42/school/cub3d/cub3d)
==11619==    by 0x4C3E13: __asan::InitializeAsanInterceptors() (in /home/user42/school/cub3d/cub3d)
==11619==    by 0x4E5DA3: __asan::AsanInitInternal() [clone .part.0] (in /home/user42/school/cub3d/cub3d)
==11619==    by 0x4010855: _dl_init (dl-init.c:104)
==11619==    by 0x40010C9: ??? (in /lib/x86_64-linux-gnu/ld-2.27.so)
==11619==    by 0x1: ???
==11619==    by 0x1FFF0002BE: ???
==11619==    by 0x1FFF0002C6: ???
==11619== 
==11619== LEAK SUMMARY:
==11619==    definitely lost: 0 bytes in 0 blocks
==11619==    indirectly lost: 0 bytes in 0 blocks
==11619==      possibly lost: 0 bytes in 0 blocks
==11619==    still reachable: 32 bytes in 1 blocks
==11619==         suppressed: 0 bytes in 0 blocks
==11619== 
==11619== For counts of detected and suppressed errors, rerun with: -v
==11619== ERROR SUMMARY: 0 errors from 0 contexts (suppressed: 0 from 0)
